app/build/intermediates/manifest_merge_blame_file/debug/manifest-merger-blame-debug-report.txt
1<?xml version="1.0" encoding="utf-8"?>
2<manifest xmlns:android="http://schemas.android.com/apk/res/android"
3    package="com.example.facebooklogin"
4    android:versionCode="1"
5    android:versionName="1.0" >
6
7    <uses-sdk
8        android:minSdkVersion="26"
8-->src\main\AndroidManifest.xml
9        android:targetSdkVersion="29" />
9-->src\main\AndroidManifest.xml
10
11    <application
11-->src\main\AndroidManifest.xml:5:5-19:19
12        android:allowBackup="true"
12-->src\main\AndroidManifest.xml:6:9-35
13        android:appComponentFactory="androidx.core.app.CoreComponentFactory"
13-->[androidx.core:core:1.0.1] AndroidManifest.xml:22:18-86
14        android:debuggable="true"
15        android:extractNativeLibs="false"
16        android:icon="@mipmap/ic_launcher"
16-->src\main\AndroidManifest.xml:7:9-43
17        android:label="@string/app_name"
17-->src\main\AndroidManifest.xml:8:9-41
18        android:roundIcon="@mipmap/ic_launcher_round"
18-->src\main\AndroidManifest.xml:9:9-54
19        android:supportsRtl="true"
19-->src\main\AndroidManifest.xml:10:9-35
20        android:theme="@style/AppTheme" >
20-->src\main\AndroidManifest.xml:11:9-40
21        <activity android:name="com.example.facebooklogin.MainActivity" >
21-->src\main\AndroidManifest.xml:12:9-18:20
21-->src\main\AndroidManifest.xml:12:19-47
22            <intent-filter>
22-->src\main\AndroidManifest.xml:13:13-17:29
23                <action android:name="android.intent.action.MAIN" />
23-->src\main\AndroidManifest.xml:14:17-69
23-->src\main\AndroidManifest.xml:14:25-66
24
25                <category android:name="android.intent.category.LAUNCHER" />
25-->src\main\AndroidManifest.xml:16:17-77
25-->src\main\AndroidManifest.xml:16:27-74
26            </intent-filter>
27        </activity>
28        <activity
28-->[com.facebook.android:facebook-common:5.1.1] AndroidManifest.xml:29:9-32:66
29            android:name="com.facebook.FacebookActivity"
29-->[com.facebook.android:facebook-common:5.1.1] AndroidManifest.xml:30:13-57
30            android:configChanges="keyboard|keyboardHidden|screenLayout|screenSize|orientation"
30-->[com.facebook.android:facebook-common:5.1.1] AndroidManifest.xml:31:13-96
31            android:theme="@style/com_facebook_activity_theme" />
31-->[com.facebook.android:facebook-common:5.1.1] AndroidManifest.xml:32:13-63
32        <activity android:name="com.facebook.CustomTabMainActivity" />
32-->[com.facebook.android:facebook-common:5.1.1] AndroidManifest.xml:33:9-71
32-->[com.facebook.android:facebook-common:5.1.1] AndroidManifest.xml:33:19-68
33        <activity android:name="com.facebook.CustomTabActivity" />
33-->[com.facebook.android:facebook-common:5.1.1] AndroidManifest.xml:34:9-67
33-->[com.facebook.android:facebook-common:5.1.1] AndroidManifest.xml:34:19-64
34        <!--
35         The initialization ContentProvider will call FacebookSdk.sdkInitialize automatically
36         with the application context. This config is merged in with the host app's manifest,
37         but there can only be one provider with the same authority activated at any given
38         point; so if the end user has two or more different apps that use Facebook SDK, only the
39         first one will be able to use the provider. To work around this problem, we use the
40         following placeholder in the authority to identify each host application as if it was
41         a completely different provider.
42        -->
43        <provider
43-->[com.facebook.android:facebook-core:5.1.1] AndroidManifest.xml:39:9-42:40
44            android:name="com.facebook.internal.FacebookInitProvider"
44-->[com.facebook.android:facebook-core:5.1.1] AndroidManifest.xml:40:13-70
45            android:authorities="com.example.facebooklogin.FacebookInitProvider"
45-->[com.facebook.android:facebook-core:5.1.1] AndroidManifest.xml:41:13-72
46            android:exported="false" />
46-->[com.facebook.android:facebook-core:5.1.1] AndroidManifest.xml:42:13-37
47
48        <receiver
48-->[com.facebook.android:facebook-core:5.1.1] AndroidManifest.xml:44:9-50:20
49            android:name="com.facebook.CurrentAccessTokenExpirationBroadcastReceiver"
49-->[com.facebook.android:facebook-core:5.1.1] AndroidManifest.xml:45:13-86
50            android:exported="false" >
50-->[com.facebook.android:facebook-core:5.1.1] AndroidManifest.xml:46:13-37
51            <intent-filter>
51-->[com.facebook.android:facebook-core:5.1.1] AndroidManifest.xml:47:13-49:29
52                <action android:name="com.facebook.sdk.ACTION_CURRENT_ACCESS_TOKEN_CHANGED" />
52-->[com.facebook.android:facebook-core:5.1.1] AndroidManifest.xml:48:17-95
52-->[com.facebook.android:facebook-core:5.1.1] AndroidManifest.xml:48:25-92
53            </intent-filter>
54        </receiver>
55        <receiver
55-->[com.facebook.android:facebook-core:5.1.1] AndroidManifest.xml:51:9-58:20
56            android:name="com.facebook.CampaignTrackingReceiver"
56-->[com.facebook.android:facebook-core:5.1.1] AndroidManifest.xml:52:13-65
57            android:exported="true"
57-->[com.facebook.android:facebook-core:5.1.1] AndroidManifest.xml:53:13-36
58            android:permission="android.permission.INSTALL_PACKAGES" >
58-->[com.facebook.android:facebook-core:5.1.1] AndroidManifest.xml:54:13-69
59            <intent-filter>
59-->[com.facebook.android:facebook-core:5.1.1] AndroidManifest.xml:55:13-57:29
60                <action android:name="com.android.vending.INSTALL_REFERRER" />
60-->[com.facebook.android:facebook-core:5.1.1] AndroidManifest.xml:56:17-79
60-->[com.facebook.android:facebook-core:5.1.1] AndroidManifest.xml:56:25-76
61            </intent-filter>
62        </receiver>
63    </application>
64
65</manifest>